<?xml version="1.0" encoding="UTF-8"?>
<!-- Generated by org.testng.reporters.JUnitReportReporter -->
<testsuite hostname="WINDOWS-4FMQ8EQ" failures="0" tests="1" name="com.the_internet.tests.HoversTest" time="4.782" errors="0" timestamp="2025-07-16T15:41:21 CEST" skipped="0">
  <testcase classname="com.the_internet.tests.HoversTest" name="hoversTest" time="4.782"/>
</testsuite> <!-- com.the_internet.tests.HoversTest -->
